<?xml version="1.0" encoding="UTF-8"?>
<testng-results ignored="0" total="5" passed="5" failed="0" skipped="0">
  <reporter-output>
  </reporter-output>
  <suite started-at="2021-12-02T15:17:36 IST" name="Default suite" finished-at="2021-12-02T15:17:45 IST" duration-ms="9079">
    <groups>
    </groups>
    <test started-at="2021-12-02T15:17:36 IST" name="Default test" finished-at="2021-12-02T15:17:45 IST" duration-ms="9079">
      <class name="calcTest">
        <test-method is-config="true" signature="launchBrowserTest()[pri:0, instance:calcTest@6d3a388c]" started-at="2021-12-02T15:17:36 IST" name="launchBrowserTest" finished-at="2021-12-02T15:17:44 IST" duration-ms="7352" status="PASS">
          <reporter-output>
          </reporter-output>
        </test-method> <!-- launchBrowserTest -->
        <test-method signature="selectBuildTest()[pri:1, instance:calcTest@6d3a388c]" started-at="2021-12-02T15:17:44 IST" name="selectBuildTest" finished-at="2021-12-02T15:17:44 IST" duration-ms="304" status="PASS">
          <reporter-output>
          </reporter-output>
        </test-method> <!-- selectBuildTest -->
        <test-method signature="selectNumerTest()[pri:2, instance:calcTest@6d3a388c]" started-at="2021-12-02T15:17:44 IST" name="selectNumerTest" finished-at="2021-12-02T15:17:44 IST" duration-ms="243" status="PASS">
          <reporter-output>
          </reporter-output>
        </test-method> <!-- selectNumerTest -->
        <test-method signature="selectOperastionTest()[pri:3, instance:calcTest@6d3a388c]" started-at="2021-12-02T15:17:44 IST" name="selectOperastionTest" finished-at="2021-12-02T15:17:44 IST" duration-ms="289" status="PASS">
          <reporter-output>
          </reporter-output>
        </test-method> <!-- selectOperastionTest -->
        <test-method signature="selectAnuswerTest()[pri:5, instance:calcTest@6d3a388c]" started-at="2021-12-02T15:17:44 IST" name="selectAnuswerTest" finished-at="2021-12-02T15:17:44 IST" duration-ms="59" status="PASS">
          <reporter-output>
          </reporter-output>
        </test-method> <!-- selectAnuswerTest -->
        <test-method signature="selectIntegertextBoxAndClearButtonTest()[pri:6, instance:calcTest@6d3a388c]" started-at="2021-12-02T15:17:44 IST" name="selectIntegertextBoxAndClearButtonTest" finished-at="2021-12-02T15:17:45 IST" duration-ms="767" status="PASS">
          <reporter-output>
          </reporter-output>
        </test-method> <!-- selectIntegertextBoxAndClearButtonTest -->
      </class> <!-- calcTest -->
    </test> <!-- Default test -->
  </suite> <!-- Default suite -->
</testng-results>
