<?xml version="1.0" encoding="UTF-8"?>
<!-- Generated by org.testng.reporters.JUnitXMLReporter -->
<testsuite ignored="0" hostname="yashs-MacBook-Air.local" failures="0" tests="5" name="Default test" time="8.296" errors="0" timestamp="2021-12-03T11:57:48 IST">
  <testcase classname="calcTest" name="selectBuildTest" time="0.336"/>
  <testcase classname="calcTest" name="selectNumerTest" time="0.249"/>
  <testcase classname="calcTest" name="selectOperastionTest" time="0.267"/>
  <testcase classname="calcTest" name="selectAnuswerTest" time="0.036"/>
  <testcase classname="calcTest" name="selectIntegertextBoxAndClearButtonTest" time="1.472"/>
</testsuite> <!-- Default test -->
