<?xml version="1.0" encoding="UTF-8"?>
<!-- Generated by org.testng.reporters.JUnitXMLReporter -->
<testsuite ignored="0" hostname="yashs-MacBook-Air.local" failures="0" tests="5" name="Default test" time="9.079" errors="0" timestamp="2021-12-02T15:17:50 IST">
  <testcase classname="calcTest" name="selectBuildTest" time="0.304"/>
  <testcase classname="calcTest" name="selectNumerTest" time="0.243"/>
  <testcase classname="calcTest" name="selectOperastionTest" time="0.289"/>
  <testcase classname="calcTest" name="selectAnuswerTest" time="0.059"/>
  <testcase classname="calcTest" name="selectIntegertextBoxAndClearButtonTest" time="0.767"/>
</testsuite> <!-- Default test -->
